<?xml version="1.0" encoding="UTF-8"?>
<!-- Generated by org.testng.reporters.JUnitReportReporter -->
<testsuite hostname="Sae" failures="0" tests="2" name="com.amazon.test.CartPageTest" time="25.248" errors="0" timestamp="2022-12-19T10:25:23 IST" skipped="0">
  <testcase classname="com.amazon.test.CartPageTest" name="loginToApplication" time="16.028"/>
  <system-out/>
  <testcase classname="com.amazon.test.CartPageTest" name="checkTheProductsOnCart" time="9.220"/>
  <system-out/>
</testsuite> <!-- com.amazon.test.CartPageTest -->
