<?xml version="1.0" encoding="UTF-8"?>
<!-- Generated by org.testng.reporters.JUnitReportReporter -->
<testsuite hostname="Sae" failures="0" tests="1" name="testpurpose.LoginTest" time="3.343" errors="0" timestamp="2022-12-15T06:20:15 IST" skipped="0">
  <testcase classname="testpurpose.LoginTest" name="loginToApplication" time="3.343"/>
  <system-out/>
</testsuite> <!-- testpurpose.LoginTest -->
