<?xml version="1.0" encoding="UTF-8"?>
<!-- Generated by org.testng.reporters.JUnitReportReporter -->
<testsuite hostname="Sae" failures="0" tests="2" name="com.amazon.test.PlacingOrdersTest" time="86.109" errors="0" timestamp="2022-12-19T10:25:23 IST" skipped="0">
  <testcase classname="com.amazon.test.PlacingOrdersTest" name="addTheProductsToCart" time="69.263"/>
  <system-out/>
  <testcase classname="com.amazon.test.PlacingOrdersTest" name="loginToApplication" time="16.846"/>
  <system-out/>
</testsuite> <!-- com.amazon.test.PlacingOrdersTest -->
