<?xml version="1.0" encoding="UTF-8"?>
<!-- Generated by org.testng.reporters.JUnitReportReporter -->
<testsuite hostname="Sae" failures="0" tests="2" name="testpurpose.CartPageTest" time="8.596" errors="0" timestamp="2022-12-15T06:20:15 IST" skipped="0">
  <testcase classname="testpurpose.CartPageTest" name="checkTheProductsOnCart" time="4.745"/>
  <system-out/>
  <testcase classname="testpurpose.CartPageTest" name="loginToApplication" time="3.851"/>
  <system-out/>
</testsuite> <!-- testpurpose.CartPageTest -->
