<?xml version="1.0" encoding="UTF-8"?>
<!-- Generated by org.testng.reporters.JUnitReportReporter -->
<testsuite hostname="Sae" failures="0" tests="1" name="testpurpose.RegistrationPageTest" time="13.574" errors="0" timestamp="2022-12-15T06:20:15 IST" skipped="0">
  <testcase classname="testpurpose.RegistrationPageTest" name="registration" time="13.574"/>
  <system-out/>
</testsuite> <!-- testpurpose.RegistrationPageTest -->
