<?xml version="1.0" encoding="UTF-8"?>
<!-- Generated by org.testng.reporters.JUnitReportReporter -->
<testsuite hostname="Sae" failures="0" tests="1" name="testpurpose.ProductsTest" time="19.211" errors="0" timestamp="2022-12-14T11:13:22 IST" skipped="0">
  <testcase classname="testpurpose.ProductsTest" name="productTest" time="19.211"/>
  <system-out/>
</testsuite> <!-- testpurpose.ProductsTest -->
