<?xml version="1.0" encoding="UTF-8"?>
<!-- Generated by org.testng.reporters.JUnitReportReporter -->
<testsuite hostname="Sae" failures="0" tests="1" name="com.configproperties.Data" time="0.000" errors="0" timestamp="2022-12-16T10:23:38 IST" skipped="1">
  <testcase classname="com.configproperties.Data" name="dataSet" time="0.000">
    <skipped/>
  </testcase> <!-- dataSet -->
  <system-out/>
</testsuite> <!-- com.configproperties.Data -->
