<?xml version="1.0" encoding="UTF-8"?>
<!-- Generated by org.testng.reporters.JUnitReportReporter -->
<testsuite hostname="Sae" failures="0" tests="3" name="testpurpose.PlacingOrdersTest" time="56.307" errors="0" timestamp="2022-12-15T06:20:15 IST" skipped="0">
  <testcase classname="testpurpose.PlacingOrdersTest" name="addTheProductsToCart" time="50.909"/>
  <system-out/>
  <testcase classname="testpurpose.PlacingOrdersTest" name="loginToApplication" time="3.312"/>
  <system-out/>
  <testcase classname="testpurpose.PlacingOrdersTest" name="checkTheProductsOnCart" time="2.086"/>
  <system-out/>
</testsuite> <!-- testpurpose.PlacingOrdersTest -->
