<?xml version="1.0" encoding="UTF-8"?>
<!-- Generated by org.testng.reporters.JUnitReportReporter -->
<testsuite hostname="Sae" failures="0" tests="2" name="com.amazon.test.RegistrationPageTest" time="24.269" errors="0" timestamp="2022-12-19T10:25:23 IST" skipped="0">
  <testcase classname="com.amazon.test.RegistrationPageTest" name="registration" time="16.973"/>
  <system-out/>
  <testcase classname="com.amazon.test.RegistrationPageTest" name="registration" time="7.296"/>
  <system-out/>
</testsuite> <!-- com.amazon.test.RegistrationPageTest -->
