<?xml version="1.0" encoding="UTF-8"?>
<!-- Generated by org.testng.reporters.JUnitReportReporter -->
<testsuite hostname="Sae" failures="0" tests="1" name="com.amazon.test.LoginTest" time="6.900" errors="0" timestamp="2022-12-19T10:27:51 IST" skipped="0">
  <testcase classname="com.amazon.test.LoginTest" name="loginToApplication" time="6.900"/>
  <system-out/>
</testsuite> <!-- com.amazon.test.LoginTest -->
