<?xml version="1.0" encoding="UTF-8"?>
<!-- Generated by org.testng.reporters.JUnitReportReporter -->
<testsuite hostname="Sae" failures="0" tests="4" name="com.configproperties.DataFromExcel" time="0.008" errors="0" timestamp="2022-12-12T20:41:22 IST" skipped="0">
  <testcase classname="com.configproperties.DataFromExcel" name="test" time="0.007"/>
  <system-out/>
  <testcase classname="com.configproperties.DataFromExcel" name="test" time="0.001"/>
  <system-out/>
  <testcase classname="com.configproperties.DataFromExcel" name="test" time="0.000"/>
  <system-out/>
  <testcase classname="com.configproperties.DataFromExcel" name="test" time="0.000"/>
  <system-out/>
</testsuite> <!-- com.configproperties.DataFromExcel -->
